\BOOKMARK [0][-]{section*.2}{Extended abstract}{}% 1
\BOOKMARK [0][-]{chapter*.4}{Gebruikte afkortingen}{}% 2
\BOOKMARK [0][-]{chapter.1}{Introductie}{}% 3
\BOOKMARK [1][-]{section.1.1}{Probleemschets}{chapter.1}% 4
\BOOKMARK [1][-]{section.1.2}{Digitale audio}{chapter.1}% 5
\BOOKMARK [1][-]{section.1.3}{Evaluatiecriteria}{chapter.1}% 6
\BOOKMARK [1][-]{section.1.4}{Bestaande methoden}{chapter.1}% 7
\BOOKMARK [2][-]{subsection.1.4.1}{Event-gebaseerde synchronisatie}{section.1.4}% 8
\BOOKMARK [2][-]{subsection.1.4.2}{Synchronisatie met een kloksignaal}{section.1.4}% 9
\BOOKMARK [2][-]{subsection.1.4.3}{Dynamic timewarping}{section.1.4}% 10
\BOOKMARK [2][-]{subsection.1.4.4}{Accoustic fingerprinting}{section.1.4}% 11
\BOOKMARK [2][-]{subsection.1.4.5}{Kruiscovariantie}{section.1.4}% 12
\BOOKMARK [1][-]{section.1.5}{Doel van deze masterproef}{chapter.1}% 13
\BOOKMARK [0][-]{chapter.2}{Methode}{}% 14
\BOOKMARK [1][-]{section.2.1}{Technologie\353n en software}{chapter.2}% 15
\BOOKMARK [2][-]{subsection.2.1.1}{TarsosDSP}{section.2.1}% 16
\BOOKMARK [2][-]{subsection.2.1.2}{Panako}{section.2.1}% 17
\BOOKMARK [2][-]{subsection.2.1.3}{FFmpeg}{section.2.1}% 18
\BOOKMARK [2][-]{subsection.2.1.4}{SoX}{section.2.1}% 19
\BOOKMARK [2][-]{subsection.2.1.5}{Sonic Visualiser}{section.2.1}% 20
\BOOKMARK [2][-]{subsection.2.1.6}{Audacity}{section.2.1}% 21
\BOOKMARK [2][-]{subsection.2.1.7}{Max/MSP}{section.2.1}% 22
\BOOKMARK [2][-]{subsection.2.1.8}{Teensy}{section.2.1}% 23
\BOOKMARK [1][-]{section.2.2}{Algoritmen}{chapter.2}% 24
\BOOKMARK [1][-]{section.2.3}{Implementatie}{chapter.2}% 25
\BOOKMARK [2][-]{subsection.2.3.1}{Bufferen van streams}{section.2.3}% 26
\BOOKMARK [2][-]{subsection.2.3.2}{Accoustic fingerprinting}{section.2.3}% 27
\BOOKMARK [2][-]{subsection.2.3.3}{Kruiscovariantie}{section.2.3}% 28
\BOOKMARK [2][-]{subsection.2.3.4}{Structuur softwarebibliotheek}{section.2.3}% 29
\BOOKMARK [2][-]{subsection.2.3.5}{Implementatie van een Max/MSP module}{section.2.3}% 30
\BOOKMARK [0][-]{chapter.3}{Evaluatie}{}% 31
\BOOKMARK [1][-]{section.3.1}{Unit testen}{chapter.3}% 32
\BOOKMARK [1][-]{section.3.2}{Stresstesten}{chapter.3}% 33
\BOOKMARK [1][-]{section.3.3}{Test in de praktijk}{chapter.3}% 34
\BOOKMARK [1][-]{section.3.4}{Usability testen}{chapter.3}% 35
\BOOKMARK [1][-]{section.3.5}{Analyse van de complexiteitsgraad}{chapter.3}% 36
\BOOKMARK [1][-]{section.3.6}{Praktische bruikbaarheid van het systeem}{chapter.3}% 37
\BOOKMARK [0][-]{chapter.4}{Conclusie}{}% 38
\BOOKMARK [0][-]{section*.22}{Appendices}{}% 39
\BOOKMARK [0][-]{B"ylage.a.A}{Resultaten DTW experiment}{}% 40
\BOOKMARK [0][-]{chapter*.23}{Referentielijst}{}% 41
\BOOKMARK [0][-]{chapter*.24}{Lijst van figuren}{}% 42
\BOOKMARK [0][-]{chapter*.24}{Lijst van figuren}{}% 43
\BOOKMARK [0][-]{chapter*.25}{Lijst van tabellen}{}% 44
\BOOKMARK [0][-]{chapter*.25}{Lijst van tabellen}{}% 45
\BOOKMARK [0][-]{chapter*.26}{Lijst van codefragmenten}{}% 46
\BOOKMARK [0][-]{chapter*.26}{Lijst van codefragmenten}{}% 47
